[2016-06-16 06:42:56] local.INFO: 书籍类别  
[2016-06-16 06:43:14] local.INFO: 书籍类别  
[2016-06-16 06:44:06] local.INFO: 书籍类别  
[2016-06-16 06:57:05] local.INFO: 书籍类别  
[2016-06-16 06:57:07] local.INFO: 书籍类别  
[2016-06-16 07:12:23] local.ERROR: exception 'Symfony\Component\Debug\Exception\FatalErrorException' with message 'syntax error, unexpected ':'' in E:\code\laravel\app\Http\Controllers\View\OrderController.php:15
Stack trace:
#0 E:\code\laravel\vendor\laravel\framework\src\Illuminate\Foundation\Bootstrap\HandleExceptions.php(133): Symfony\Component\Debug\Exception\FatalErrorException->__construct()
#1 E:\code\laravel\vendor\laravel\framework\src\Illuminate\Foundation\Bootstrap\HandleExceptions.php(118): Illuminate\Foundation\Bootstrap\HandleExceptions->fatalExceptionFromError()
#2 E:\code\laravel\vendor\laravel\framework\src\Illuminate\Foundation\Bootstrap\HandleExceptions.php(0): Illuminate\Foundation\Bootstrap\HandleExceptions->handleShutdown()
#3 E:\code\laravel\vendor\composer\ClassLoader.php(301): Composer\Autoload\includeFile()
#4 E:\code\laravel\vendor\laravel\framework\src\Illuminate\Routing\Route.php(280): Composer\Autoload\ClassLoader->loadClass()
#5 E:\code\laravel\vendor\laravel\framework\src\Illuminate\Routing\Route.php(280): spl_autoload_call()
#6 E:\code\laravel\vendor\laravel\framework\src\Illuminate\Routing\Route.php(280): ReflectionMethod->__construct()
#7 E:\code\laravel\vendor\laravel\framework\src\Illuminate\Routing\Router.php(859): Illuminate\Routing\Route->signatureParameters()
#8 E:\code\laravel\vendor\laravel\framework\src\Illuminate\Routing\Router.php(844): Illuminate\Routing\Router->substituteImplicitBindings()
#9 E:\code\laravel\vendor\laravel\framework\src\Illuminate\Routing\Router.php(827): Illuminate\Routing\Router->substituteBindings()
#10 E:\code\laravel\vendor\laravel\framework\src\Illuminate\Routing\Router.php(691): Illuminate\Routing\Router->findRoute()
#11 E:\code\laravel\vendor\laravel\framework\src\Illuminate\Routing\Router.php(675): Illuminate\Routing\Router->dispatchToRoute()
#12 E:\code\laravel\vendor\laravel\framework\src\Illuminate\Foundation\Http\Kernel.php(246): Illuminate\Routing\Router->dispatch()
#13 E:\code\laravel\vendor\laravel\framework\src\Illuminate\Routing\Pipeline.php(52): Illuminate\Foundation\Http\Kernel->Illuminate\Foundation\Http\{closure}()
#14 E:\code\laravel\vendor\laravel\framework\src\Illuminate\Routing\Pipeline.php(52): call_user_func:{E:\code\laravel\vendor\laravel\framework\src\Illuminate\Routing\Pipeline.php:52}()
#15 E:\code\laravel\vendor\laravel\framework\src\Illuminate\Foundation\Http\Middleware\CheckForMaintenanceMode.php(44): Illuminate\Routing\Pipeline->Illuminate\Routing\{closure}()
#16 E:\code\laravel\vendor\laravel\framework\src\Illuminate\Pipeline\Pipeline.php(136): Illuminate\Foundation\Http\Middleware\CheckForMaintenanceMode->handle()
#17 E:\code\laravel\vendor\laravel\framework\src\Illuminate\Pipeline\Pipeline.php(136): call_user_func_array:{E:\code\laravel\vendor\laravel\framework\src\Illuminate\Pipeline\Pipeline.php:136}()
#18 E:\code\laravel\vendor\laravel\framework\src\Illuminate\Routing\Pipeline.php(32): Illuminate\Pipeline\Pipeline->Illuminate\Pipeline\{closure}()
#19 E:\code\laravel\vendor\laravel\framework\src\Illuminate\Routing\Pipeline.php(32): call_user_func:{E:\code\laravel\vendor\laravel\framework\src\Illuminate\Routing\Pipeline.php:32}()
#20 E:\code\laravel\vendor\laravel\framework\src\Illuminate\Pipeline\Pipeline.php(103): Illuminate\Routing\Pipeline->Illuminate\Routing\{closure}()
#21 E:\code\laravel\vendor\laravel\framework\src\Illuminate\Pipeline\Pipeline.php(103): call_user_func:{E:\code\laravel\vendor\laravel\framework\src\Illuminate\Pipeline\Pipeline.php:103}()
#22 E:\code\laravel\vendor\laravel\framework\src\Illuminate\Foundation\Http\Kernel.php(132): Illuminate\Pipeline\Pipeline->then()
#23 E:\code\laravel\vendor\laravel\framework\src\Illuminate\Foundation\Http\Kernel.php(99): Illuminate\Foundation\Http\Kernel->sendRequestThroughRouter()
#24 E:\code\laravel\public\index.php(54): Illuminate\Foundation\Http\Kernel->handle()
#25 E:\code\laravel\public\index.php(0): {main}()
#26 {main}  
[2016-06-16 07:37:23] local.ERROR: exception 'ErrorException' with message 'Undefined variable: total_price' in E:\code\laravel\storage\framework\views\fabb5e787447281aeba836448a4c7b227d0265f5.php:37
Stack trace:
#0 E:\code\laravel\storage\framework\views\fabb5e787447281aeba836448a4c7b227d0265f5.php(37): Illuminate\Foundation\Bootstrap\HandleExceptions->handleError(8, 'Undefined varia...', 'E:\\code\\laravel...', 37, Array)
#1 E:\code\laravel\vendor\laravel\framework\src\Illuminate\View\Engines\PhpEngine.php(42): include('E:\\code\\laravel...')
#2 E:\code\laravel\vendor\laravel\framework\src\Illuminate\View\Engines\CompilerEngine.php(59): Illuminate\View\Engines\PhpEngine->evaluatePath('E:\\code\\laravel...', Array)
#3 E:\code\laravel\vendor\laravel\framework\src\Illuminate\View\View.php(149): Illuminate\View\Engines\CompilerEngine->get('E:\\code\\laravel...', Array)
#4 E:\code\laravel\vendor\laravel\framework\src\Illuminate\View\View.php(120): Illuminate\View\View->getContents()
#5 E:\code\laravel\vendor\laravel\framework\src\Illuminate\View\View.php(85): Illuminate\View\View->renderContents()
#6 E:\code\laravel\vendor\laravel\framework\src\Illuminate\Http\Response.php(53): Illuminate\View\View->render()
#7 E:\code\laravel\vendor\symfony\http-foundation\Response.php(199): Illuminate\Http\Response->setContent(Object(Illuminate\View\View))
#8 E:\code\laravel\vendor\laravel\framework\src\Illuminate\Routing\Router.php(1087): Symfony\Component\HttpFoundation\Response->__construct(Object(Illuminate\View\View))
#9 E:\code\laravel\vendor\laravel\framework\src\Illuminate\Routing\ControllerDispatcher.php(95): Illuminate\Routing\Router->prepareResponse(Object(Illuminate\Http\Request), Object(Illuminate\View\View))
#10 [internal function]: Illuminate\Routing\ControllerDispatcher->Illuminate\Routing\{closure}(Object(Illuminate\Http\Request))
#11 E:\code\laravel\vendor\laravel\framework\src\Illuminate\Routing\Pipeline.php(52): call_user_func(Object(Closure), Object(Illuminate\Http\Request))
#12 [internal function]: Illuminate\Routing\Pipeline->Illuminate\Routing\{closure}(Object(Illuminate\Http\Request))
#13 E:\code\laravel\vendor\laravel\framework\src\Illuminate\Pipeline\Pipeline.php(103): call_user_func(Object(Closure), Object(Illuminate\Http\Request))
#14 E:\code\laravel\vendor\laravel\framework\src\Illuminate\Routing\ControllerDispatcher.php(96): Illuminate\Pipeline\Pipeline->then(Object(Closure))
#15 E:\code\laravel\vendor\laravel\framework\src\Illuminate\Routing\ControllerDispatcher.php(54): Illuminate\Routing\ControllerDispatcher->callWithinStack(Object(App\Http\Controllers\View\OrderController), Object(Illuminate\Routing\Route), Object(Illuminate\Http\Request), 'toOrderCommit')
#16 E:\code\laravel\vendor\laravel\framework\src\Illuminate\Routing\Route.php(174): Illuminate\Routing\ControllerDispatcher->dispatch(Object(Illuminate\Routing\Route), Object(Illuminate\Http\Request), 'App\\Http\\Contro...', 'toOrderCommit')
#17 E:\code\laravel\vendor\laravel\framework\src\Illuminate\Routing\Route.php(140): Illuminate\Routing\Route->runController(Object(Illuminate\Http\Request))
#18 E:\code\laravel\vendor\laravel\framework\src\Illuminate\Routing\Router.php(724): Illuminate\Routing\Route->run(Object(Illuminate\Http\Request))
#19 [internal function]: Illuminate\Routing\Router->Illuminate\Routing\{closure}(Object(Illuminate\Http\Request))
#20 E:\code\laravel\vendor\laravel\framework\src\Illuminate\Routing\Pipeline.php(52): call_user_func(Object(Closure), Object(Illuminate\Http\Request))
#21 E:\code\laravel\app\Http\Middleware\CheckLogin.php(24): Illuminate\Routing\Pipeline->Illuminate\Routing\{closure}(Object(Illuminate\Http\Request))
#22 [internal function]: App\Http\Middleware\CheckLogin->handle(Object(Illuminate\Http\Request), Object(Closure))
#23 E:\code\laravel\vendor\laravel\framework\src\Illuminate\Pipeline\Pipeline.php(136): call_user_func_array(Array, Array)
#24 [internal function]: Illuminate\Pipeline\Pipeline->Illuminate\Pipeline\{closure}(Object(Illuminate\Http\Request))
#25 E:\code\laravel\vendor\laravel\framework\src\Illuminate\Routing\Pipeline.php(32): call_user_func(Object(Closure), Object(Illuminate\Http\Request))
#26 E:\code\laravel\vendor\laravel\framework\src\Illuminate\Foundation\Http\Middleware\VerifyCsrfToken.php(64): Illuminate\Routing\Pipeline->Illuminate\Routing\{closure}(Object(Illuminate\Http\Request))
#27 [internal function]: Illuminate\Foundation\Http\Middleware\VerifyCsrfToken->handle(Object(Illuminate\Http\Request), Object(Closure))
#28 E:\code\laravel\vendor\laravel\framework\src\Illuminate\Pipeline\Pipeline.php(136): call_user_func_array(Array, Array)
#29 [internal function]: Illuminate\Pipeline\Pipeline->Illuminate\Pipeline\{closure}(Object(Illuminate\Http\Request))
#30 E:\code\laravel\vendor\laravel\framework\src\Illuminate\Routing\Pipeline.php(32): call_user_func(Object(Closure), Object(Illuminate\Http\Request))
#31 E:\code\laravel\vendor\laravel\framework\src\Illuminate\View\Middleware\ShareErrorsFromSession.php(49): Illuminate\Routing\Pipeline->Illuminate\Routing\{closure}(Object(Illuminate\Http\Request))
#32 [internal function]: Illuminate\View\Middleware\ShareErrorsFromSession->handle(Object(Illuminate\Http\Request), Object(Closure))
#33 E:\code\laravel\vendor\laravel\framework\src\Illuminate\Pipeline\Pipeline.php(136): call_user_func_array(Array, Array)
#34 [internal function]: Illuminate\Pipeline\Pipeline->Illuminate\Pipeline\{closure}(Object(Illuminate\Http\Request))
#35 E:\code\laravel\vendor\laravel\framework\src\Illuminate\Routing\Pipeline.php(32): call_user_func(Object(Closure), Object(Illuminate\Http\Request))
#36 E:\code\laravel\vendor\laravel\framework\src\Illuminate\Session\Middleware\StartSession.php(62): Illuminate\Routing\Pipeline->Illuminate\Routing\{closure}(Object(Illuminate\Http\Request))
#37 [internal function]: Illuminate\Session\Middleware\StartSession->handle(Object(Illuminate\Http\Request), Object(Closure))
#38 E:\code\laravel\vendor\laravel\framework\src\Illuminate\Pipeline\Pipeline.php(136): call_user_func_array(Array, Array)
#39 [internal function]: Illuminate\Pipeline\Pipeline->Illuminate\Pipeline\{closure}(Object(Illuminate\Http\Request))
#40 E:\code\laravel\vendor\laravel\framework\src\Illuminate\Routing\Pipeline.php(32): call_user_func(Object(Closure), Object(Illuminate\Http\Request))
#41 E:\code\laravel\vendor\laravel\framework\src\Illuminate\Cookie\Middleware\AddQueuedCookiesToResponse.php(37): Illuminate\Routing\Pipeline->Illuminate\Routing\{closure}(Object(Illuminate\Http\Request))
#42 [internal function]: Illuminate\Cookie\Middleware\AddQueuedCookiesToResponse->handle(Object(Illuminate\Http\Request), Object(Closure))
#43 E:\code\laravel\vendor\laravel\framework\src\Illuminate\Pipeline\Pipeline.php(136): call_user_func_array(Array, Array)
#44 [internal function]: Illuminate\Pipeline\Pipeline->Illuminate\Pipeline\{closure}(Object(Illuminate\Http\Request))
#45 E:\code\laravel\vendor\laravel\framework\src\Illuminate\Routing\Pipeline.php(32): call_user_func(Object(Closure), Object(Illuminate\Http\Request))
#46 E:\code\laravel\vendor\laravel\framework\src\Illuminate\Cookie\Middleware\EncryptCookies.php(59): Illuminate\Routing\Pipeline->Illuminate\Routing\{closure}(Object(Illuminate\Http\Request))
#47 [internal function]: Illuminate\Cookie\Middleware\EncryptCookies->handle(Object(Illuminate\Http\Request), Object(Closure))
#48 E:\code\laravel\vendor\laravel\framework\src\Illuminate\Pipeline\Pipeline.php(136): call_user_func_array(Array, Array)
#49 [internal function]: Illuminate\Pipeline\Pipeline->Illuminate\Pipeline\{closure}(Object(Illuminate\Http\Request))
#50 E:\code\laravel\vendor\laravel\framework\src\Illuminate\Routing\Pipeline.php(32): call_user_func(Object(Closure), Object(Illuminate\Http\Request))
#51 [internal function]: Illuminate\Routing\Pipeline->Illuminate\Routing\{closure}(Object(Illuminate\Http\Request))
#52 E:\code\laravel\vendor\laravel\framework\src\Illuminate\Pipeline\Pipeline.php(103): call_user_func(Object(Closure), Object(Illuminate\Http\Request))
#53 E:\code\laravel\vendor\laravel\framework\src\Illuminate\Routing\Router.php(726): Illuminate\Pipeline\Pipeline->then(Object(Closure))
#54 E:\code\laravel\vendor\laravel\framework\src\Illuminate\Routing\Router.php(699): Illuminate\Routing\Router->runRouteWithinStack(Object(Illuminate\Routing\Route), Object(Illuminate\Http\Request))
#55 E:\code\laravel\vendor\laravel\framework\src\Illuminate\Routing\Router.php(675): Illuminate\Routing\Router->dispatchToRoute(Object(Illuminate\Http\Request))
#56 E:\code\laravel\vendor\laravel\framework\src\Illuminate\Foundation\Http\Kernel.php(246): Illuminate\Routing\Router->dispatch(Object(Illuminate\Http\Request))
#57 [internal function]: Illuminate\Foundation\Http\Kernel->Illuminate\Foundation\Http\{closure}(Object(Illuminate\Http\Request))
#58 E:\code\laravel\vendor\laravel\framework\src\Illuminate\Routing\Pipeline.php(52): call_user_func(Object(Closure), Object(Illuminate\Http\Request))
#59 E:\code\laravel\vendor\laravel\framework\src\Illuminate\Foundation\Http\Middleware\CheckForMaintenanceMode.php(44): Illuminate\Routing\Pipeline->Illuminate\Routing\{closure}(Object(Illuminate\Http\Request))
#60 [internal function]: Illuminate\Foundation\Http\Middleware\CheckForMaintenanceMode->handle(Object(Illuminate\Http\Request), Object(Closure))
#61 E:\code\laravel\vendor\laravel\framework\src\Illuminate\Pipeline\Pipeline.php(136): call_user_func_array(Array, Array)
#62 [internal function]: Illuminate\Pipeline\Pipeline->Illuminate\Pipeline\{closure}(Object(Illuminate\Http\Request))
#63 E:\code\laravel\vendor\laravel\framework\src\Illuminate\Routing\Pipeline.php(32): call_user_func(Object(Closure), Object(Illuminate\Http\Request))
#64 [internal function]: Illuminate\Routing\Pipeline->Illuminate\Routing\{closure}(Object(Illuminate\Http\Request))
#65 E:\code\laravel\vendor\laravel\framework\src\Illuminate\Pipeline\Pipeline.php(103): call_user_func(Object(Closure), Object(Illuminate\Http\Request))
#66 E:\code\laravel\vendor\laravel\framework\src\Illuminate\Foundation\Http\Kernel.php(132): Illuminate\Pipeline\Pipeline->then(Object(Closure))
#67 E:\code\laravel\vendor\laravel\framework\src\Illuminate\Foundation\Http\Kernel.php(99): Illuminate\Foundation\Http\Kernel->sendRequestThroughRouter(Object(Illuminate\Http\Request))
#68 E:\code\laravel\public\index.php(54): Illuminate\Foundation\Http\Kernel->handle(Object(Illuminate\Http\Request))
#69 {main}

Next exception 'ErrorException' with message 'Undefined variable: total_price (View: E:\code\laravel\resources\views\order_commit.blade.php)' in E:\code\laravel\storage\framework\views\fabb5e787447281aeba836448a4c7b227d0265f5.php:37
Stack trace:
#0 E:\code\laravel\vendor\laravel\framework\src\Illuminate\View\Engines\PhpEngine.php(44): Illuminate\View\Engines\CompilerEngine->handleViewException(Object(ErrorException), 1)
#1 E:\code\laravel\vendor\laravel\framework\src\Illuminate\View\Engines\CompilerEngine.php(59): Illuminate\View\Engines\PhpEngine->evaluatePath('E:\\code\\laravel...', Array)
#2 E:\code\laravel\vendor\laravel\framework\src\Illuminate\View\View.php(149): Illuminate\View\Engines\CompilerEngine->get('E:\\code\\laravel...', Array)
#3 E:\code\laravel\vendor\laravel\framework\src\Illuminate\View\View.php(120): Illuminate\View\View->getContents()
#4 E:\code\laravel\vendor\laravel\framework\src\Illuminate\View\View.php(85): Illuminate\View\View->renderContents()
#5 E:\code\laravel\vendor\laravel\framework\src\Illuminate\Http\Response.php(53): Illuminate\View\View->render()
#6 E:\code\laravel\vendor\symfony\http-foundation\Response.php(199): Illuminate\Http\Response->setContent(Object(Illuminate\View\View))
#7 E:\code\laravel\vendor\laravel\framework\src\Illuminate\Routing\Router.php(1087): Symfony\Component\HttpFoundation\Response->__construct(Object(Illuminate\View\View))
#8 E:\code\laravel\vendor\laravel\framework\src\Illuminate\Routing\ControllerDispatcher.php(95): Illuminate\Routing\Router->prepareResponse(Object(Illuminate\Http\Request), Object(Illuminate\View\View))
#9 [internal function]: Illuminate\Routing\ControllerDispatcher->Illuminate\Routing\{closure}(Object(Illuminate\Http\Request))
#10 E:\code\laravel\vendor\laravel\framework\src\Illuminate\Routing\Pipeline.php(52): call_user_func(Object(Closure), Object(Illuminate\Http\Request))
#11 [internal function]: Illuminate\Routing\Pipeline->Illuminate\Routing\{closure}(Object(Illuminate\Http\Request))
#12 E:\code\laravel\vendor\laravel\framework\src\Illuminate\Pipeline\Pipeline.php(103): call_user_func(Object(Closure), Object(Illuminate\Http\Request))
#13 E:\code\laravel\vendor\laravel\framework\src\Illuminate\Routing\ControllerDispatcher.php(96): Illuminate\Pipeline\Pipeline->then(Object(Closure))
#14 E:\code\laravel\vendor\laravel\framework\src\Illuminate\Routing\ControllerDispatcher.php(54): Illuminate\Routing\ControllerDispatcher->callWithinStack(Object(App\Http\Controllers\View\OrderController), Object(Illuminate\Routing\Route), Object(Illuminate\Http\Request), 'toOrderCommit')
#15 E:\code\laravel\vendor\laravel\framework\src\Illuminate\Routing\Route.php(174): Illuminate\Routing\ControllerDispatcher->dispatch(Object(Illuminate\Routing\Route), Object(Illuminate\Http\Request), 'App\\Http\\Contro...', 'toOrderCommit')
#16 E:\code\laravel\vendor\laravel\framework\src\Illuminate\Routing\Route.php(140): Illuminate\Routing\Route->runController(Object(Illuminate\Http\Request))
#17 E:\code\laravel\vendor\laravel\framework\src\Illuminate\Routing\Router.php(724): Illuminate\Routing\Route->run(Object(Illuminate\Http\Request))
#18 [internal function]: Illuminate\Routing\Router->Illuminate\Routing\{closure}(Object(Illuminate\Http\Request))
#19 E:\code\laravel\vendor\laravel\framework\src\Illuminate\Routing\Pipeline.php(52): call_user_func(Object(Closure), Object(Illuminate\Http\Request))
#20 E:\code\laravel\app\Http\Middleware\CheckLogin.php(24): Illuminate\Routing\Pipeline->Illuminate\Routing\{closure}(Object(Illuminate\Http\Request))
#21 [internal function]: App\Http\Middleware\CheckLogin->handle(Object(Illuminate\Http\Request), Object(Closure))
#22 E:\code\laravel\vendor\laravel\framework\src\Illuminate\Pipeline\Pipeline.php(136): call_user_func_array(Array, Array)
#23 [internal function]: Illuminate\Pipeline\Pipeline->Illuminate\Pipeline\{closure}(Object(Illuminate\Http\Request))
#24 E:\code\laravel\vendor\laravel\framework\src\Illuminate\Routing\Pipeline.php(32): call_user_func(Object(Closure), Object(Illuminate\Http\Request))
#25 E:\code\laravel\vendor\laravel\framework\src\Illuminate\Foundation\Http\Middleware\VerifyCsrfToken.php(64): Illuminate\Routing\Pipeline->Illuminate\Routing\{closure}(Object(Illuminate\Http\Request))
#26 [internal function]: Illuminate\Foundation\Http\Middleware\VerifyCsrfToken->handle(Object(Illuminate\Http\Request), Object(Closure))
#27 E:\code\laravel\vendor\laravel\framework\src\Illuminate\Pipeline\Pipeline.php(136): call_user_func_array(Array, Array)
#28 [internal function]: Illuminate\Pipeline\Pipeline->Illuminate\Pipeline\{closure}(Object(Illuminate\Http\Request))
#29 E:\code\laravel\vendor\laravel\framework\src\Illuminate\Routing\Pipeline.php(32): call_user_func(Object(Closure), Object(Illuminate\Http\Request))
#30 E:\code\laravel\vendor\laravel\framework\src\Illuminate\View\Middleware\ShareErrorsFromSession.php(49): Illuminate\Routing\Pipeline->Illuminate\Routing\{closure}(Object(Illuminate\Http\Request))
#31 [internal function]: Illuminate\View\Middleware\ShareErrorsFromSession->handle(Object(Illuminate\Http\Request), Object(Closure))
#32 E:\code\laravel\vendor\laravel\framework\src\Illuminate\Pipeline\Pipeline.php(136): call_user_func_array(Array, Array)
#33 [internal function]: Illuminate\Pipeline\Pipeline->Illuminate\Pipeline\{closure}(Object(Illuminate\Http\Request))
#34 E:\code\laravel\vendor\laravel\framework\src\Illuminate\Routing\Pipeline.php(32): call_user_func(Object(Closure), Object(Illuminate\Http\Request))
#35 E:\code\laravel\vendor\laravel\framework\src\Illuminate\Session\Middleware\StartSession.php(62): Illuminate\Routing\Pipeline->Illuminate\Routing\{closure}(Object(Illuminate\Http\Request))
#36 [internal function]: Illuminate\Session\Middleware\StartSession->handle(Object(Illuminate\Http\Request), Object(Closure))
#37 E:\code\laravel\vendor\laravel\framework\src\Illuminate\Pipeline\Pipeline.php(136): call_user_func_array(Array, Array)
#38 [internal function]: Illuminate\Pipeline\Pipeline->Illuminate\Pipeline\{closure}(Object(Illuminate\Http\Request))
#39 E:\code\laravel\vendor\laravel\framework\src\Illuminate\Routing\Pipeline.php(32): call_user_func(Object(Closure), Object(Illuminate\Http\Request))
#40 E:\code\laravel\vendor\laravel\framework\src\Illuminate\Cookie\Middleware\AddQueuedCookiesToResponse.php(37): Illuminate\Routing\Pipeline->Illuminate\Routing\{closure}(Object(Illuminate\Http\Request))
#41 [internal function]: Illuminate\Cookie\Middleware\AddQueuedCookiesToResponse->handle(Object(Illuminate\Http\Request), Object(Closure))
#42 E:\code\laravel\vendor\laravel\framework\src\Illuminate\Pipeline\Pipeline.php(136): call_user_func_array(Array, Array)
#43 [internal function]: Illuminate\Pipeline\Pipeline->Illuminate\Pipeline\{closure}(Object(Illuminate\Http\Request))
#44 E:\code\laravel\vendor\laravel\framework\src\Illuminate\Routing\Pipeline.php(32): call_user_func(Object(Closure), Object(Illuminate\Http\Request))
#45 E:\code\laravel\vendor\laravel\framework\src\Illuminate\Cookie\Middleware\EncryptCookies.php(59): Illuminate\Routing\Pipeline->Illuminate\Routing\{closure}(Object(Illuminate\Http\Request))
#46 [internal function]: Illuminate\Cookie\Middleware\EncryptCookies->handle(Object(Illuminate\Http\Request), Object(Closure))
#47 E:\code\laravel\vendor\laravel\framework\src\Illuminate\Pipeline\Pipeline.php(136): call_user_func_array(Array, Array)
#48 [internal function]: Illuminate\Pipeline\Pipeline->Illuminate\Pipeline\{closure}(Object(Illuminate\Http\Request))
#49 E:\code\laravel\vendor\laravel\framework\src\Illuminate\Routing\Pipeline.php(32): call_user_func(Object(Closure), Object(Illuminate\Http\Request))
#50 [internal function]: Illuminate\Routing\Pipeline->Illuminate\Routing\{closure}(Object(Illuminate\Http\Request))
#51 E:\code\laravel\vendor\laravel\framework\src\Illuminate\Pipeline\Pipeline.php(103): call_user_func(Object(Closure), Object(Illuminate\Http\Request))
#52 E:\code\laravel\vendor\laravel\framework\src\Illuminate\Routing\Router.php(726): Illuminate\Pipeline\Pipeline->then(Object(Closure))
#53 E:\code\laravel\vendor\laravel\framework\src\Illuminate\Routing\Router.php(699): Illuminate\Routing\Router->runRouteWithinStack(Object(Illuminate\Routing\Route), Object(Illuminate\Http\Request))
#54 E:\code\laravel\vendor\laravel\framework\src\Illuminate\Routing\Router.php(675): Illuminate\Routing\Router->dispatchToRoute(Object(Illuminate\Http\Request))
#55 E:\code\laravel\vendor\laravel\framework\src\Illuminate\Foundation\Http\Kernel.php(246): Illuminate\Routing\Router->dispatch(Object(Illuminate\Http\Request))
#56 [internal function]: Illuminate\Foundation\Http\Kernel->Illuminate\Foundation\Http\{closure}(Object(Illuminate\Http\Request))
#57 E:\code\laravel\vendor\laravel\framework\src\Illuminate\Routing\Pipeline.php(52): call_user_func(Object(Closure), Object(Illuminate\Http\Request))
#58 E:\code\laravel\vendor\laravel\framework\src\Illuminate\Foundation\Http\Middleware\CheckForMaintenanceMode.php(44): Illuminate\Routing\Pipeline->Illuminate\Routing\{closure}(Object(Illuminate\Http\Request))
#59 [internal function]: Illuminate\Foundation\Http\Middleware\CheckForMaintenanceMode->handle(Object(Illuminate\Http\Request), Object(Closure))
#60 E:\code\laravel\vendor\laravel\framework\src\Illuminate\Pipeline\Pipeline.php(136): call_user_func_array(Array, Array)
#61 [internal function]: Illuminate\Pipeline\Pipeline->Illuminate\Pipeline\{closure}(Object(Illuminate\Http\Request))
#62 E:\code\laravel\vendor\laravel\framework\src\Illuminate\Routing\Pipeline.php(32): call_user_func(Object(Closure), Object(Illuminate\Http\Request))
#63 [internal function]: Illuminate\Routing\Pipeline->Illuminate\Routing\{closure}(Object(Illuminate\Http\Request))
#64 E:\code\laravel\vendor\laravel\framework\src\Illuminate\Pipeline\Pipeline.php(103): call_user_func(Object(Closure), Object(Illuminate\Http\Request))
#65 E:\code\laravel\vendor\laravel\framework\src\Illuminate\Foundation\Http\Kernel.php(132): Illuminate\Pipeline\Pipeline->then(Object(Closure))
#66 E:\code\laravel\vendor\laravel\framework\src\Illuminate\Foundation\Http\Kernel.php(99): Illuminate\Foundation\Http\Kernel->sendRequestThroughRouter(Object(Illuminate\Http\Request))
#67 E:\code\laravel\public\index.php(54): Illuminate\Foundation\Http\Kernel->handle(Object(Illuminate\Http\Request))
#68 {main}  
[2016-06-16 07:38:02] local.ERROR: exception 'ErrorException' with message 'Undefined variable: name' in E:\code\laravel\storage\framework\views\fabb5e787447281aeba836448a4c7b227d0265f5.php:38
Stack trace:
#0 E:\code\laravel\storage\framework\views\fabb5e787447281aeba836448a4c7b227d0265f5.php(38): Illuminate\Foundation\Bootstrap\HandleExceptions->handleError(8, 'Undefined varia...', 'E:\\code\\laravel...', 38, Array)
#1 E:\code\laravel\vendor\laravel\framework\src\Illuminate\View\Engines\PhpEngine.php(42): include('E:\\code\\laravel...')
#2 E:\code\laravel\vendor\laravel\framework\src\Illuminate\View\Engines\CompilerEngine.php(59): Illuminate\View\Engines\PhpEngine->evaluatePath('E:\\code\\laravel...', Array)
#3 E:\code\laravel\vendor\laravel\framework\src\Illuminate\View\View.php(149): Illuminate\View\Engines\CompilerEngine->get('E:\\code\\laravel...', Array)
#4 E:\code\laravel\vendor\laravel\framework\src\Illuminate\View\View.php(120): Illuminate\View\View->getContents()
#5 E:\code\laravel\vendor\laravel\framework\src\Illuminate\View\View.php(85): Illuminate\View\View->renderContents()
#6 E:\code\laravel\vendor\laravel\framework\src\Illuminate\Http\Response.php(53): Illuminate\View\View->render()
#7 E:\code\laravel\vendor\symfony\http-foundation\Response.php(199): Illuminate\Http\Response->setContent(Object(Illuminate\View\View))
#8 E:\code\laravel\vendor\laravel\framework\src\Illuminate\Routing\Router.php(1087): Symfony\Component\HttpFoundation\Response->__construct(Object(Illuminate\View\View))
#9 E:\code\laravel\vendor\laravel\framework\src\Illuminate\Routing\ControllerDispatcher.php(95): Illuminate\Routing\Router->prepareResponse(Object(Illuminate\Http\Request), Object(Illuminate\View\View))
#10 [internal function]: Illuminate\Routing\ControllerDispatcher->Illuminate\Routing\{closure}(Object(Illuminate\Http\Request))
#11 E:\code\laravel\vendor\laravel\framework\src\Illuminate\Routing\Pipeline.php(52): call_user_func(Object(Closure), Object(Illuminate\Http\Request))
#12 [internal function]: Illuminate\Routing\Pipeline->Illuminate\Routing\{closure}(Object(Illuminate\Http\Request))
#13 E:\code\laravel\vendor\laravel\framework\src\Illuminate\Pipeline\Pipeline.php(103): call_user_func(Object(Closure), Object(Illuminate\Http\Request))
#14 E:\code\laravel\vendor\laravel\framework\src\Illuminate\Routing\ControllerDispatcher.php(96): Illuminate\Pipeline\Pipeline->then(Object(Closure))
#15 E:\code\laravel\vendor\laravel\framework\src\Illuminate\Routing\ControllerDispatcher.php(54): Illuminate\Routing\ControllerDispatcher->callWithinStack(Object(App\Http\Controllers\View\OrderController), Object(Illuminate\Routing\Route), Object(Illuminate\Http\Request), 'toOrderCommit')
#16 E:\code\laravel\vendor\laravel\framework\src\Illuminate\Routing\Route.php(174): Illuminate\Routing\ControllerDispatcher->dispatch(Object(Illuminate\Routing\Route), Object(Illuminate\Http\Request), 'App\\Http\\Contro...', 'toOrderCommit')
#17 E:\code\laravel\vendor\laravel\framework\src\Illuminate\Routing\Route.php(140): Illuminate\Routing\Route->runController(Object(Illuminate\Http\Request))
#18 E:\code\laravel\vendor\laravel\framework\src\Illuminate\Routing\Router.php(724): Illuminate\Routing\Route->run(Object(Illuminate\Http\Request))
#19 [internal function]: Illuminate\Routing\Router->Illuminate\Routing\{closure}(Object(Illuminate\Http\Request))
#20 E:\code\laravel\vendor\laravel\framework\src\Illuminate\Routing\Pipeline.php(52): call_user_func(Object(Closure), Object(Illuminate\Http\Request))
#21 E:\code\laravel\app\Http\Middleware\CheckLogin.php(24): Illuminate\Routing\Pipeline->Illuminate\Routing\{closure}(Object(Illuminate\Http\Request))
#22 [internal function]: App\Http\Middleware\CheckLogin->handle(Object(Illuminate\Http\Request), Object(Closure))
#23 E:\code\laravel\vendor\laravel\framework\src\Illuminate\Pipeline\Pipeline.php(136): call_user_func_array(Array, Array)
#24 [internal function]: Illuminate\Pipeline\Pipeline->Illuminate\Pipeline\{closure}(Object(Illuminate\Http\Request))
#25 E:\code\laravel\vendor\laravel\framework\src\Illuminate\Routing\Pipeline.php(32): call_user_func(Object(Closure), Object(Illuminate\Http\Request))
#26 E:\code\laravel\vendor\laravel\framework\src\Illuminate\Foundation\Http\Middleware\VerifyCsrfToken.php(64): Illuminate\Routing\Pipeline->Illuminate\Routing\{closure}(Object(Illuminate\Http\Request))
#27 [internal function]: Illuminate\Foundation\Http\Middleware\VerifyCsrfToken->handle(Object(Illuminate\Http\Request), Object(Closure))
#28 E:\code\laravel\vendor\laravel\framework\src\Illuminate\Pipeline\Pipeline.php(136): call_user_func_array(Array, Array)
#29 [internal function]: Illuminate\Pipeline\Pipeline->Illuminate\Pipeline\{closure}(Object(Illuminate\Http\Request))
#30 E:\code\laravel\vendor\laravel\framework\src\Illuminate\Routing\Pipeline.php(32): call_user_func(Object(Closure), Object(Illuminate\Http\Request))
#31 E:\code\laravel\vendor\laravel\framework\src\Illuminate\View\Middleware\ShareErrorsFromSession.php(49): Illuminate\Routing\Pipeline->Illuminate\Routing\{closure}(Object(Illuminate\Http\Request))
#32 [internal function]: Illuminate\View\Middleware\ShareErrorsFromSession->handle(Object(Illuminate\Http\Request), Object(Closure))
#33 E:\code\laravel\vendor\laravel\framework\src\Illuminate\Pipeline\Pipeline.php(136): call_user_func_array(Array, Array)
#34 [internal function]: Illuminate\Pipeline\Pipeline->Illuminate\Pipeline\{closure}(Object(Illuminate\Http\Request))
#35 E:\code\laravel\vendor\laravel\framework\src\Illuminate\Routing\Pipeline.php(32): call_user_func(Object(Closure), Object(Illuminate\Http\Request))
#36 E:\code\laravel\vendor\laravel\framework\src\Illuminate\Session\Middleware\StartSession.php(62): Illuminate\Routing\Pipeline->Illuminate\Routing\{closure}(Object(Illuminate\Http\Request))
#37 [internal function]: Illuminate\Session\Middleware\StartSession->handle(Object(Illuminate\Http\Request), Object(Closure))
#38 E:\code\laravel\vendor\laravel\framework\src\Illuminate\Pipeline\Pipeline.php(136): call_user_func_array(Array, Array)
#39 [internal function]: Illuminate\Pipeline\Pipeline->Illuminate\Pipeline\{closure}(Object(Illuminate\Http\Request))
#40 E:\code\laravel\vendor\laravel\framework\src\Illuminate\Routing\Pipeline.php(32): call_user_func(Object(Closure), Object(Illuminate\Http\Request))
#41 E:\code\laravel\vendor\laravel\framework\src\Illuminate\Cookie\Middleware\AddQueuedCookiesToResponse.php(37): Illuminate\Routing\Pipeline->Illuminate\Routing\{closure}(Object(Illuminate\Http\Request))
#42 [internal function]: Illuminate\Cookie\Middleware\AddQueuedCookiesToResponse->handle(Object(Illuminate\Http\Request), Object(Closure))
#43 E:\code\laravel\vendor\laravel\framework\src\Illuminate\Pipeline\Pipeline.php(136): call_user_func_array(Array, Array)
#44 [internal function]: Illuminate\Pipeline\Pipeline->Illuminate\Pipeline\{closure}(Object(Illuminate\Http\Request))
#45 E:\code\laravel\vendor\laravel\framework\src\Illuminate\Routing\Pipeline.php(32): call_user_func(Object(Closure), Object(Illuminate\Http\Request))
#46 E:\code\laravel\vendor\laravel\framework\src\Illuminate\Cookie\Middleware\EncryptCookies.php(59): Illuminate\Routing\Pipeline->Illuminate\Routing\{closure}(Object(Illuminate\Http\Request))
#47 [internal function]: Illuminate\Cookie\Middleware\EncryptCookies->handle(Object(Illuminate\Http\Request), Object(Closure))
#48 E:\code\laravel\vendor\laravel\framework\src\Illuminate\Pipeline\Pipeline.php(136): call_user_func_array(Array, Array)
#49 [internal function]: Illuminate\Pipeline\Pipeline->Illuminate\Pipeline\{closure}(Object(Illuminate\Http\Request))
#50 E:\code\laravel\vendor\laravel\framework\src\Illuminate\Routing\Pipeline.php(32): call_user_func(Object(Closure), Object(Illuminate\Http\Request))
#51 [internal function]: Illuminate\Routing\Pipeline->Illuminate\Routing\{closure}(Object(Illuminate\Http\Request))
#52 E:\code\laravel\vendor\laravel\framework\src\Illuminate\Pipeline\Pipeline.php(103): call_user_func(Object(Closure), Object(Illuminate\Http\Request))
#53 E:\code\laravel\vendor\laravel\framework\src\Illuminate\Routing\Router.php(726): Illuminate\Pipeline\Pipeline->then(Object(Closure))
#54 E:\code\laravel\vendor\laravel\framework\src\Illuminate\Routing\Router.php(699): Illuminate\Routing\Router->runRouteWithinStack(Object(Illuminate\Routing\Route), Object(Illuminate\Http\Request))
#55 E:\code\laravel\vendor\laravel\framework\src\Illuminate\Routing\Router.php(675): Illuminate\Routing\Router->dispatchToRoute(Object(Illuminate\Http\Request))
#56 E:\code\laravel\vendor\laravel\framework\src\Illuminate\Foundation\Http\Kernel.php(246): Illuminate\Routing\Router->dispatch(Object(Illuminate\Http\Request))
#57 [internal function]: Illuminate\Foundation\Http\Kernel->Illuminate\Foundation\Http\{closure}(Object(Illuminate\Http\Request))
#58 E:\code\laravel\vendor\laravel\framework\src\Illuminate\Routing\Pipeline.php(52): call_user_func(Object(Closure), Object(Illuminate\Http\Request))
#59 E:\code\laravel\vendor\laravel\framework\src\Illuminate\Foundation\Http\Middleware\CheckForMaintenanceMode.php(44): Illuminate\Routing\Pipeline->Illuminate\Routing\{closure}(Object(Illuminate\Http\Request))
#60 [internal function]: Illuminate\Foundation\Http\Middleware\CheckForMaintenanceMode->handle(Object(Illuminate\Http\Request), Object(Closure))
#61 E:\code\laravel\vendor\laravel\framework\src\Illuminate\Pipeline\Pipeline.php(136): call_user_func_array(Array, Array)
#62 [internal function]: Illuminate\Pipeline\Pipeline->Illuminate\Pipeline\{closure}(Object(Illuminate\Http\Request))
#63 E:\code\laravel\vendor\laravel\framework\src\Illuminate\Routing\Pipeline.php(32): call_user_func(Object(Closure), Object(Illuminate\Http\Request))
#64 [internal function]: Illuminate\Routing\Pipeline->Illuminate\Routing\{closure}(Object(Illuminate\Http\Request))
#65 E:\code\laravel\vendor\laravel\framework\src\Illuminate\Pipeline\Pipeline.php(103): call_user_func(Object(Closure), Object(Illuminate\Http\Request))
#66 E:\code\laravel\vendor\laravel\framework\src\Illuminate\Foundation\Http\Kernel.php(132): Illuminate\Pipeline\Pipeline->then(Object(Closure))
#67 E:\code\laravel\vendor\laravel\framework\src\Illuminate\Foundation\Http\Kernel.php(99): Illuminate\Foundation\Http\Kernel->sendRequestThroughRouter(Object(Illuminate\Http\Request))
#68 E:\code\laravel\public\index.php(54): Illuminate\Foundation\Http\Kernel->handle(Object(Illuminate\Http\Request))
#69 {main}

Next exception 'ErrorException' with message 'Undefined variable: name (View: E:\code\laravel\resources\views\order_commit.blade.php)' in E:\code\laravel\storage\framework\views\fabb5e787447281aeba836448a4c7b227d0265f5.php:38
Stack trace:
#0 E:\code\laravel\vendor\laravel\framework\src\Illuminate\View\Engines\PhpEngine.php(44): Illuminate\View\Engines\CompilerEngine->handleViewException(Object(ErrorException), 1)
#1 E:\code\laravel\vendor\laravel\framework\src\Illuminate\View\Engines\CompilerEngine.php(59): Illuminate\View\Engines\PhpEngine->evaluatePath('E:\\code\\laravel...', Array)
#2 E:\code\laravel\vendor\laravel\framework\src\Illuminate\View\View.php(149): Illuminate\View\Engines\CompilerEngine->get('E:\\code\\laravel...', Array)
#3 E:\code\laravel\vendor\laravel\framework\src\Illuminate\View\View.php(120): Illuminate\View\View->getContents()
#4 E:\code\laravel\vendor\laravel\framework\src\Illuminate\View\View.php(85): Illuminate\View\View->renderContents()
#5 E:\code\laravel\vendor\laravel\framework\src\Illuminate\Http\Response.php(53): Illuminate\View\View->render()
#6 E:\code\laravel\vendor\symfony\http-foundation\Response.php(199): Illuminate\Http\Response->setContent(Object(Illuminate\View\View))
#7 E:\code\laravel\vendor\laravel\framework\src\Illuminate\Routing\Router.php(1087): Symfony\Component\HttpFoundation\Response->__construct(Object(Illuminate\View\View))
#8 E:\code\laravel\vendor\laravel\framework\src\Illuminate\Routing\ControllerDispatcher.php(95): Illuminate\Routing\Router->prepareResponse(Object(Illuminate\Http\Request), Object(Illuminate\View\View))
#9 [internal function]: Illuminate\Routing\ControllerDispatcher->Illuminate\Routing\{closure}(Object(Illuminate\Http\Request))
#10 E:\code\laravel\vendor\laravel\framework\src\Illuminate\Routing\Pipeline.php(52): call_user_func(Object(Closure), Object(Illuminate\Http\Request))
#11 [internal function]: Illuminate\Routing\Pipeline->Illuminate\Routing\{closure}(Object(Illuminate\Http\Request))
#12 E:\code\laravel\vendor\laravel\framework\src\Illuminate\Pipeline\Pipeline.php(103): call_user_func(Object(Closure), Object(Illuminate\Http\Request))
#13 E:\code\laravel\vendor\laravel\framework\src\Illuminate\Routing\ControllerDispatcher.php(96): Illuminate\Pipeline\Pipeline->then(Object(Closure))
#14 E:\code\laravel\vendor\laravel\framework\src\Illuminate\Routing\ControllerDispatcher.php(54): Illuminate\Routing\ControllerDispatcher->callWithinStack(Object(App\Http\Controllers\View\OrderController), Object(Illuminate\Routing\Route), Object(Illuminate\Http\Request), 'toOrderCommit')
#15 E:\code\laravel\vendor\laravel\framework\src\Illuminate\Routing\Route.php(174): Illuminate\Routing\ControllerDispatcher->dispatch(Object(Illuminate\Routing\Route), Object(Illuminate\Http\Request), 'App\\Http\\Contro...', 'toOrderCommit')
#16 E:\code\laravel\vendor\laravel\framework\src\Illuminate\Routing\Route.php(140): Illuminate\Routing\Route->runController(Object(Illuminate\Http\Request))
#17 E:\code\laravel\vendor\laravel\framework\src\Illuminate\Routing\Router.php(724): Illuminate\Routing\Route->run(Object(Illuminate\Http\Request))
#18 [internal function]: Illuminate\Routing\Router->Illuminate\Routing\{closure}(Object(Illuminate\Http\Request))
#19 E:\code\laravel\vendor\laravel\framework\src\Illuminate\Routing\Pipeline.php(52): call_user_func(Object(Closure), Object(Illuminate\Http\Request))
#20 E:\code\laravel\app\Http\Middleware\CheckLogin.php(24): Illuminate\Routing\Pipeline->Illuminate\Routing\{closure}(Object(Illuminate\Http\Request))
#21 [internal function]: App\Http\Middleware\CheckLogin->handle(Object(Illuminate\Http\Request), Object(Closure))
#22 E:\code\laravel\vendor\laravel\framework\src\Illuminate\Pipeline\Pipeline.php(136): call_user_func_array(Array, Array)
#23 [internal function]: Illuminate\Pipeline\Pipeline->Illuminate\Pipeline\{closure}(Object(Illuminate\Http\Request))
#24 E:\code\laravel\vendor\laravel\framework\src\Illuminate\Routing\Pipeline.php(32): call_user_func(Object(Closure), Object(Illuminate\Http\Request))
#25 E:\code\laravel\vendor\laravel\framework\src\Illuminate\Foundation\Http\Middleware\VerifyCsrfToken.php(64): Illuminate\Routing\Pipeline->Illuminate\Routing\{closure}(Object(Illuminate\Http\Request))
#26 [internal function]: Illuminate\Foundation\Http\Middleware\VerifyCsrfToken->handle(Object(Illuminate\Http\Request), Object(Closure))
#27 E:\code\laravel\vendor\laravel\framework\src\Illuminate\Pipeline\Pipeline.php(136): call_user_func_array(Array, Array)
#28 [internal function]: Illuminate\Pipeline\Pipeline->Illuminate\Pipeline\{closure}(Object(Illuminate\Http\Request))
#29 E:\code\laravel\vendor\laravel\framework\src\Illuminate\Routing\Pipeline.php(32): call_user_func(Object(Closure), Object(Illuminate\Http\Request))
#30 E:\code\laravel\vendor\laravel\framework\src\Illuminate\View\Middleware\ShareErrorsFromSession.php(49): Illuminate\Routing\Pipeline->Illuminate\Routing\{closure}(Object(Illuminate\Http\Request))
#31 [internal function]: Illuminate\View\Middleware\ShareErrorsFromSession->handle(Object(Illuminate\Http\Request), Object(Closure))
#32 E:\code\laravel\vendor\laravel\framework\src\Illuminate\Pipeline\Pipeline.php(136): call_user_func_array(Array, Array)
#33 [internal function]: Illuminate\Pipeline\Pipeline->Illuminate\Pipeline\{closure}(Object(Illuminate\Http\Request))
#34 E:\code\laravel\vendor\laravel\framework\src\Illuminate\Routing\Pipeline.php(32): call_user_func(Object(Closure), Object(Illuminate\Http\Request))
#35 E:\code\laravel\vendor\laravel\framework\src\Illuminate\Session\Middleware\StartSession.php(62): Illuminate\Routing\Pipeline->Illuminate\Routing\{closure}(Object(Illuminate\Http\Request))
#36 [internal function]: Illuminate\Session\Middleware\StartSession->handle(Object(Illuminate\Http\Request), Object(Closure))
#37 E:\code\laravel\vendor\laravel\framework\src\Illuminate\Pipeline\Pipeline.php(136): call_user_func_array(Array, Array)
#38 [internal function]: Illuminate\Pipeline\Pipeline->Illuminate\Pipeline\{closure}(Object(Illuminate\Http\Request))
#39 E:\code\laravel\vendor\laravel\framework\src\Illuminate\Routing\Pipeline.php(32): call_user_func(Object(Closure), Object(Illuminate\Http\Request))
#40 E:\code\laravel\vendor\laravel\framework\src\Illuminate\Cookie\Middleware\AddQueuedCookiesToResponse.php(37): Illuminate\Routing\Pipeline->Illuminate\Routing\{closure}(Object(Illuminate\Http\Request))
#41 [internal function]: Illuminate\Cookie\Middleware\AddQueuedCookiesToResponse->handle(Object(Illuminate\Http\Request), Object(Closure))
#42 E:\code\laravel\vendor\laravel\framework\src\Illuminate\Pipeline\Pipeline.php(136): call_user_func_array(Array, Array)
#43 [internal function]: Illuminate\Pipeline\Pipeline->Illuminate\Pipeline\{closure}(Object(Illuminate\Http\Request))
#44 E:\code\laravel\vendor\laravel\framework\src\Illuminate\Routing\Pipeline.php(32): call_user_func(Object(Closure), Object(Illuminate\Http\Request))
#45 E:\code\laravel\vendor\laravel\framework\src\Illuminate\Cookie\Middleware\EncryptCookies.php(59): Illuminate\Routing\Pipeline->Illuminate\Routing\{closure}(Object(Illuminate\Http\Request))
#46 [internal function]: Illuminate\Cookie\Middleware\EncryptCookies->handle(Object(Illuminate\Http\Request), Object(Closure))
#47 E:\code\laravel\vendor\laravel\framework\src\Illuminate\Pipeline\Pipeline.php(136): call_user_func_array(Array, Array)
#48 [internal function]: Illuminate\Pipeline\Pipeline->Illuminate\Pipeline\{closure}(Object(Illuminate\Http\Request))
#49 E:\code\laravel\vendor\laravel\framework\src\Illuminate\Routing\Pipeline.php(32): call_user_func(Object(Closure), Object(Illuminate\Http\Request))
#50 [internal function]: Illuminate\Routing\Pipeline->Illuminate\Routing\{closure}(Object(Illuminate\Http\Request))
#51 E:\code\laravel\vendor\laravel\framework\src\Illuminate\Pipeline\Pipeline.php(103): call_user_func(Object(Closure), Object(Illuminate\Http\Request))
#52 E:\code\laravel\vendor\laravel\framework\src\Illuminate\Routing\Router.php(726): Illuminate\Pipeline\Pipeline->then(Object(Closure))
#53 E:\code\laravel\vendor\laravel\framework\src\Illuminate\Routing\Router.php(699): Illuminate\Routing\Router->runRouteWithinStack(Object(Illuminate\Routing\Route), Object(Illuminate\Http\Request))
#54 E:\code\laravel\vendor\laravel\framework\src\Illuminate\Routing\Router.php(675): Illuminate\Routing\Router->dispatchToRoute(Object(Illuminate\Http\Request))
#55 E:\code\laravel\vendor\laravel\framework\src\Illuminate\Foundation\Http\Kernel.php(246): Illuminate\Routing\Router->dispatch(Object(Illuminate\Http\Request))
#56 [internal function]: Illuminate\Foundation\Http\Kernel->Illuminate\Foundation\Http\{closure}(Object(Illuminate\Http\Request))
#57 E:\code\laravel\vendor\laravel\framework\src\Illuminate\Routing\Pipeline.php(52): call_user_func(Object(Closure), Object(Illuminate\Http\Request))
#58 E:\code\laravel\vendor\laravel\framework\src\Illuminate\Foundation\Http\Middleware\CheckForMaintenanceMode.php(44): Illuminate\Routing\Pipeline->Illuminate\Routing\{closure}(Object(Illuminate\Http\Request))
#59 [internal function]: Illuminate\Foundation\Http\Middleware\CheckForMaintenanceMode->handle(Object(Illuminate\Http\Request), Object(Closure))
#60 E:\code\laravel\vendor\laravel\framework\src\Illuminate\Pipeline\Pipeline.php(136): call_user_func_array(Array, Array)
#61 [internal function]: Illuminate\Pipeline\Pipeline->Illuminate\Pipeline\{closure}(Object(Illuminate\Http\Request))
#62 E:\code\laravel\vendor\laravel\framework\src\Illuminate\Routing\Pipeline.php(32): call_user_func(Object(Closure), Object(Illuminate\Http\Request))
#63 [internal function]: Illuminate\Routing\Pipeline->Illuminate\Routing\{closure}(Object(Illuminate\Http\Request))
#64 E:\code\laravel\vendor\laravel\framework\src\Illuminate\Pipeline\Pipeline.php(103): call_user_func(Object(Closure), Object(Illuminate\Http\Request))
#65 E:\code\laravel\vendor\laravel\framework\src\Illuminate\Foundation\Http\Kernel.php(132): Illuminate\Pipeline\Pipeline->then(Object(Closure))
#66 E:\code\laravel\vendor\laravel\framework\src\Illuminate\Foundation\Http\Kernel.php(99): Illuminate\Foundation\Http\Kernel->sendRequestThroughRouter(Object(Illuminate\Http\Request))
#67 E:\code\laravel\public\index.php(54): Illuminate\Foundation\Http\Kernel->handle(Object(Illuminate\Http\Request))
#68 {main}  
[2016-06-16 10:37:58] local.INFO: 书籍类别  
[2016-06-16 10:37:58] local.INFO: 书籍类别  
[2016-06-16 10:40:04] local.INFO: 书籍类别  
[2016-06-16 10:40:47] local.INFO: 书籍类别  
[2016-06-16 11:20:34] local.ERROR: exception 'Symfony\Component\Debug\Exception\FatalErrorException' with message 'Access level to App\Entity\Cart_item::$timestamps must be public (as in class Illuminate\Database\Eloquent\Model)' in E:\code\laravel\app\Entity\Order_item.php:12
Stack trace:
#0 E:\code\laravel\vendor\laravel\framework\src\Illuminate\Foundation\Bootstrap\HandleExceptions.php(133): Symfony\Component\Debug\Exception\FatalErrorException->__construct()
#1 E:\code\laravel\vendor\laravel\framework\src\Illuminate\Foundation\Bootstrap\HandleExceptions.php(118): Illuminate\Foundation\Bootstrap\HandleExceptions->fatalExceptionFromError()
#2 E:\code\laravel\vendor\laravel\framework\src\Illuminate\Foundation\Bootstrap\HandleExceptions.php(0): Illuminate\Foundation\Bootstrap\HandleExceptions->handleShutdown()
#3 E:\code\laravel\vendor\composer\ClassLoader.php(301): Composer\Autoload\includeFile()
#4 E:\code\laravel\vendor\laravel\framework\src\Illuminate\Routing\Controller.php(40): Composer\Autoload\ClassLoader->loadClass()
#5 E:\code\laravel\vendor\laravel\framework\src\Illuminate\Routing\Controller.php(40): spl_autoload_call()
#6 E:\code\laravel\vendor\laravel\framework\src\Illuminate\Routing\Controller.php(80): App\Http\Controllers\View\OrderController->toOrderList()
#7 E:\code\laravel\vendor\laravel\framework\src\Illuminate\Routing\Controller.php(80): call_user_func_array:{E:\code\laravel\vendor\laravel\framework\src\Illuminate\Routing\Controller.php:80}()
#8 E:\code\laravel\vendor\laravel\framework\src\Illuminate\Routing\ControllerDispatcher.php(146): Illuminate\Routing\Controller->callAction()
#9 E:\code\laravel\vendor\laravel\framework\src\Illuminate\Routing\ControllerDispatcher.php(94): Illuminate\Routing\ControllerDispatcher->call()
#10 E:\code\laravel\vendor\laravel\framework\src\Illuminate\Routing\Pipeline.php(52): Illuminate\Routing\ControllerDispatcher->Illuminate\Routing\{closure}()
#11 E:\code\laravel\vendor\laravel\framework\src\Illuminate\Routing\Pipeline.php(52): call_user_func:{E:\code\laravel\vendor\laravel\framework\src\Illuminate\Routing\Pipeline.php:52}()
#12 E:\code\laravel\vendor\laravel\framework\src\Illuminate\Pipeline\Pipeline.php(103): Illuminate\Routing\Pipeline->Illuminate\Routing\{closure}()
#13 E:\code\laravel\vendor\laravel\framework\src\Illuminate\Pipeline\Pipeline.php(103): call_user_func:{E:\code\laravel\vendor\laravel\framework\src\Illuminate\Pipeline\Pipeline.php:103}()
#14 E:\code\laravel\vendor\laravel\framework\src\Illuminate\Routing\ControllerDispatcher.php(96): Illuminate\Pipeline\Pipeline->then()
#15 E:\code\laravel\vendor\laravel\framework\src\Illuminate\Routing\ControllerDispatcher.php(54): Illuminate\Routing\ControllerDispatcher->callWithinStack()
#16 E:\code\laravel\vendor\laravel\framework\src\Illuminate\Routing\Route.php(174): Illuminate\Routing\ControllerDispatcher->dispatch()
#17 E:\code\laravel\vendor\laravel\framework\src\Illuminate\Routing\Route.php(140): Illuminate\Routing\Route->runController()
#18 E:\code\laravel\vendor\laravel\framework\src\Illuminate\Routing\Router.php(724): Illuminate\Routing\Route->run()
#19 E:\code\laravel\vendor\laravel\framework\src\Illuminate\Routing\Pipeline.php(52): Illuminate\Routing\Router->Illuminate\Routing\{closure}()
#20 E:\code\laravel\vendor\laravel\framework\src\Illuminate\Routing\Pipeline.php(52): call_user_func:{E:\code\laravel\vendor\laravel\framework\src\Illuminate\Routing\Pipeline.php:52}()
#21 E:\code\laravel\app\Http\Middleware\CheckLogin.php(24): Illuminate\Routing\Pipeline->Illuminate\Routing\{closure}()
#22 E:\code\laravel\vendor\laravel\framework\src\Illuminate\Pipeline\Pipeline.php(136): App\Http\Middleware\CheckLogin->handle()
#23 E:\code\laravel\vendor\laravel\framework\src\Illuminate\Pipeline\Pipeline.php(136): call_user_func_array:{E:\code\laravel\vendor\laravel\framework\src\Illuminate\Pipeline\Pipeline.php:136}()
#24 E:\code\laravel\vendor\laravel\framework\src\Illuminate\Routing\Pipeline.php(32): Illuminate\Pipeline\Pipeline->Illuminate\Pipeline\{closure}()
#25 E:\code\laravel\vendor\laravel\framework\src\Illuminate\Routing\Pipeline.php(32): call_user_func:{E:\code\laravel\vendor\laravel\framework\src\Illuminate\Routing\Pipeline.php:32}()
#26 E:\code\laravel\vendor\laravel\framework\src\Illuminate\Foundation\Http\Middleware\VerifyCsrfToken.php(64): Illuminate\Routing\Pipeline->Illuminate\Routing\{closure}()
#27 E:\code\laravel\vendor\laravel\framework\src\Illuminate\Pipeline\Pipeline.php(136): Illuminate\Foundation\Http\Middleware\VerifyCsrfToken->handle()
#28 E:\code\laravel\vendor\laravel\framework\src\Illuminate\Pipeline\Pipeline.php(136): call_user_func_array:{E:\code\laravel\vendor\laravel\framework\src\Illuminate\Pipeline\Pipeline.php:136}()
#29 E:\code\laravel\vendor\laravel\framework\src\Illuminate\Routing\Pipeline.php(32): Illuminate\Pipeline\Pipeline->Illuminate\Pipeline\{closure}()
#30 E:\code\laravel\vendor\laravel\framework\src\Illuminate\Routing\Pipeline.php(32): call_user_func:{E:\code\laravel\vendor\laravel\framework\src\Illuminate\Routing\Pipeline.php:32}()
#31 E:\code\laravel\vendor\laravel\framework\src\Illuminate\View\Middleware\ShareErrorsFromSession.php(49): Illuminate\Routing\Pipeline->Illuminate\Routing\{closure}()
#32 E:\code\laravel\vendor\laravel\framework\src\Illuminate\Pipeline\Pipeline.php(136): Illuminate\View\Middleware\ShareErrorsFromSession->handle()
#33 E:\code\laravel\vendor\laravel\framework\src\Illuminate\Pipeline\Pipeline.php(136): call_user_func_array:{E:\code\laravel\vendor\laravel\framework\src\Illuminate\Pipeline\Pipeline.php:136}()
#34 E:\code\laravel\vendor\laravel\framework\src\Illuminate\Routing\Pipeline.php(32): Illuminate\Pipeline\Pipeline->Illuminate\Pipeline\{closure}()
#35 E:\code\laravel\vendor\laravel\framework\src\Illuminate\Routing\Pipeline.php(32): call_user_func:{E:\code\laravel\vendor\laravel\framework\src\Illuminate\Routing\Pipeline.php:32}()
#36 E:\code\laravel\vendor\laravel\framework\src\Illuminate\Session\Middleware\StartSession.php(62): Illuminate\Routing\Pipeline->Illuminate\Routing\{closure}()
#37 E:\code\laravel\vendor\laravel\framework\src\Illuminate\Pipeline\Pipeline.php(136): Illuminate\Session\Middleware\StartSession->handle()
#38 E:\code\laravel\vendor\laravel\framework\src\Illuminate\Pipeline\Pipeline.php(136): call_user_func_array:{E:\code\laravel\vendor\laravel\framework\src\Illuminate\Pipeline\Pipeline.php:136}()
#39 E:\code\laravel\vendor\laravel\framework\src\Illuminate\Routing\Pipeline.php(32): Illuminate\Pipeline\Pipeline->Illuminate\Pipeline\{closure}()
#40 E:\code\laravel\vendor\laravel\framework\src\Illuminate\Routing\Pipeline.php(32): call_user_func:{E:\code\laravel\vendor\laravel\framework\src\Illuminate\Routing\Pipeline.php:32}()
#41 E:\code\laravel\vendor\laravel\framework\src\Illuminate\Cookie\Middleware\AddQueuedCookiesToResponse.php(37): Illuminate\Routing\Pipeline->Illuminate\Routing\{closure}()
#42 E:\code\laravel\vendor\laravel\framework\src\Illuminate\Pipeline\Pipeline.php(136): Illuminate\Cookie\Middleware\AddQueuedCookiesToResponse->handle()
#43 E:\code\laravel\vendor\laravel\framework\src\Illuminate\Pipeline\Pipeline.php(136): call_user_func_array:{E:\code\laravel\vendor\laravel\framework\src\Illuminate\Pipeline\Pipeline.php:136}()
#44 E:\code\laravel\vendor\laravel\framework\src\Illuminate\Routing\Pipeline.php(32): Illuminate\Pipeline\Pipeline->Illuminate\Pipeline\{closure}()
#45 E:\code\laravel\vendor\laravel\framework\src\Illuminate\Routing\Pipeline.php(32): call_user_func:{E:\code\laravel\vendor\laravel\framework\src\Illuminate\Routing\Pipeline.php:32}()
#46 E:\code\laravel\vendor\laravel\framework\src\Illuminate\Cookie\Middleware\EncryptCookies.php(59): Illuminate\Routing\Pipeline->Illuminate\Routing\{closure}()
#47 E:\code\laravel\vendor\laravel\framework\src\Illuminate\Pipeline\Pipeline.php(136): Illuminate\Cookie\Middleware\EncryptCookies->handle()
#48 E:\code\laravel\vendor\laravel\framework\src\Illuminate\Pipeline\Pipeline.php(136): call_user_func_array:{E:\code\laravel\vendor\laravel\framework\src\Illuminate\Pipeline\Pipeline.php:136}()
#49 E:\code\laravel\vendor\laravel\framework\src\Illuminate\Routing\Pipeline.php(32): Illuminate\Pipeline\Pipeline->Illuminate\Pipeline\{closure}()
#50 E:\code\laravel\vendor\laravel\framework\src\Illuminate\Routing\Pipeline.php(32): call_user_func:{E:\code\laravel\vendor\laravel\framework\src\Illuminate\Routing\Pipeline.php:32}()
#51 E:\code\laravel\vendor\laravel\framework\src\Illuminate\Pipeline\Pipeline.php(103): Illuminate\Routing\Pipeline->Illuminate\Routing\{closure}()
#52 E:\code\laravel\vendor\laravel\framework\src\Illuminate\Pipeline\Pipeline.php(103): call_user_func:{E:\code\laravel\vendor\laravel\framework\src\Illuminate\Pipeline\Pipeline.php:103}()
#53 E:\code\laravel\vendor\laravel\framework\src\Illuminate\Routing\Router.php(726): Illuminate\Pipeline\Pipeline->then()
#54 E:\code\laravel\vendor\laravel\framework\src\Illuminate\Routing\Router.php(699): Illuminate\Routing\Router->runRouteWithinStack()
#55 E:\code\laravel\vendor\laravel\framework\src\Illuminate\Routing\Router.php(675): Illuminate\Routing\Router->dispatchToRoute()
#56 E:\code\laravel\vendor\laravel\framework\src\Illuminate\Foundation\Http\Kernel.php(246): Illuminate\Routing\Router->dispatch()
#57 E:\code\laravel\vendor\laravel\framework\src\Illuminate\Routing\Pipeline.php(52): Illuminate\Foundation\Http\Kernel->Illuminate\Foundation\Http\{closure}()
#58 E:\code\laravel\vendor\laravel\framework\src\Illuminate\Routing\Pipeline.php(52): call_user_func:{E:\code\laravel\vendor\laravel\framework\src\Illuminate\Routing\Pipeline.php:52}()
#59 E:\code\laravel\vendor\laravel\framework\src\Illuminate\Foundation\Http\Middleware\CheckForMaintenanceMode.php(44): Illuminate\Routing\Pipeline->Illuminate\Routing\{closure}()
#60 E:\code\laravel\vendor\laravel\framework\src\Illuminate\Pipeline\Pipeline.php(136): Illuminate\Foundation\Http\Middleware\CheckForMaintenanceMode->handle()
#61 E:\code\laravel\vendor\laravel\framework\src\Illuminate\Pipeline\Pipeline.php(136): call_user_func_array:{E:\code\laravel\vendor\laravel\framework\src\Illuminate\Pipeline\Pipeline.php:136}()
#62 E:\code\laravel\vendor\laravel\framework\src\Illuminate\Routing\Pipeline.php(32): Illuminate\Pipeline\Pipeline->Illuminate\Pipeline\{closure}()
#63 E:\code\laravel\vendor\laravel\framework\src\Illuminate\Routing\Pipeline.php(32): call_user_func:{E:\code\laravel\vendor\laravel\framework\src\Illuminate\Routing\Pipeline.php:32}()
#64 E:\code\laravel\vendor\laravel\framework\src\Illuminate\Pipeline\Pipeline.php(103): Illuminate\Routing\Pipeline->Illuminate\Routing\{closure}()
#65 E:\code\laravel\vendor\laravel\framework\src\Illuminate\Pipeline\Pipeline.php(103): call_user_func:{E:\code\laravel\vendor\laravel\framework\src\Illuminate\Pipeline\Pipeline.php:103}()
#66 E:\code\laravel\vendor\laravel\framework\src\Illuminate\Foundation\Http\Kernel.php(132): Illuminate\Pipeline\Pipeline->then()
#67 E:\code\laravel\vendor\laravel\framework\src\Illuminate\Foundation\Http\Kernel.php(99): Illuminate\Foundation\Http\Kernel->sendRequestThroughRouter()
#68 E:\code\laravel\public\index.php(54): Illuminate\Foundation\Http\Kernel->handle()
#69 E:\code\laravel\public\index.php(0): {main}()
#70 {main}  
[2016-06-16 11:22:11] local.ERROR: exception 'Symfony\Component\Debug\Exception\FatalErrorException' with message 'Access level to App\Entity\Cart_item::$timestamps must be public (as in class Illuminate\Database\Eloquent\Model)' in E:\code\laravel\app\Entity\Order_item.php:12
Stack trace:
#0 E:\code\laravel\vendor\laravel\framework\src\Illuminate\Foundation\Bootstrap\HandleExceptions.php(133): Symfony\Component\Debug\Exception\FatalErrorException->__construct()
#1 E:\code\laravel\vendor\laravel\framework\src\Illuminate\Foundation\Bootstrap\HandleExceptions.php(118): Illuminate\Foundation\Bootstrap\HandleExceptions->fatalExceptionFromError()
#2 E:\code\laravel\vendor\laravel\framework\src\Illuminate\Foundation\Bootstrap\HandleExceptions.php(0): Illuminate\Foundation\Bootstrap\HandleExceptions->handleShutdown()
#3 E:\code\laravel\vendor\composer\ClassLoader.php(301): Composer\Autoload\includeFile()
#4 E:\code\laravel\vendor\laravel\framework\src\Illuminate\Routing\Controller.php(40): Composer\Autoload\ClassLoader->loadClass()
#5 E:\code\laravel\vendor\laravel\framework\src\Illuminate\Routing\Controller.php(40): spl_autoload_call()
#6 E:\code\laravel\vendor\laravel\framework\src\Illuminate\Routing\Controller.php(80): App\Http\Controllers\View\OrderController->toOrderList()
#7 E:\code\laravel\vendor\laravel\framework\src\Illuminate\Routing\Controller.php(80): call_user_func_array:{E:\code\laravel\vendor\laravel\framework\src\Illuminate\Routing\Controller.php:80}()
#8 E:\code\laravel\vendor\laravel\framework\src\Illuminate\Routing\ControllerDispatcher.php(146): Illuminate\Routing\Controller->callAction()
#9 E:\code\laravel\vendor\laravel\framework\src\Illuminate\Routing\ControllerDispatcher.php(94): Illuminate\Routing\ControllerDispatcher->call()
#10 E:\code\laravel\vendor\laravel\framework\src\Illuminate\Routing\Pipeline.php(52): Illuminate\Routing\ControllerDispatcher->Illuminate\Routing\{closure}()
#11 E:\code\laravel\vendor\laravel\framework\src\Illuminate\Routing\Pipeline.php(52): call_user_func:{E:\code\laravel\vendor\laravel\framework\src\Illuminate\Routing\Pipeline.php:52}()
#12 E:\code\laravel\vendor\laravel\framework\src\Illuminate\Pipeline\Pipeline.php(103): Illuminate\Routing\Pipeline->Illuminate\Routing\{closure}()
#13 E:\code\laravel\vendor\laravel\framework\src\Illuminate\Pipeline\Pipeline.php(103): call_user_func:{E:\code\laravel\vendor\laravel\framework\src\Illuminate\Pipeline\Pipeline.php:103}()
#14 E:\code\laravel\vendor\laravel\framework\src\Illuminate\Routing\ControllerDispatcher.php(96): Illuminate\Pipeline\Pipeline->then()
#15 E:\code\laravel\vendor\laravel\framework\src\Illuminate\Routing\ControllerDispatcher.php(54): Illuminate\Routing\ControllerDispatcher->callWithinStack()
#16 E:\code\laravel\vendor\laravel\framework\src\Illuminate\Routing\Route.php(174): Illuminate\Routing\ControllerDispatcher->dispatch()
#17 E:\code\laravel\vendor\laravel\framework\src\Illuminate\Routing\Route.php(140): Illuminate\Routing\Route->runController()
#18 E:\code\laravel\vendor\laravel\framework\src\Illuminate\Routing\Router.php(724): Illuminate\Routing\Route->run()
#19 E:\code\laravel\vendor\laravel\framework\src\Illuminate\Routing\Pipeline.php(52): Illuminate\Routing\Router->Illuminate\Routing\{closure}()
#20 E:\code\laravel\vendor\laravel\framework\src\Illuminate\Routing\Pipeline.php(52): call_user_func:{E:\code\laravel\vendor\laravel\framework\src\Illuminate\Routing\Pipeline.php:52}()
#21 E:\code\laravel\app\Http\Middleware\CheckLogin.php(24): Illuminate\Routing\Pipeline->Illuminate\Routing\{closure}()
#22 E:\code\laravel\vendor\laravel\framework\src\Illuminate\Pipeline\Pipeline.php(136): App\Http\Middleware\CheckLogin->handle()
#23 E:\code\laravel\vendor\laravel\framework\src\Illuminate\Pipeline\Pipeline.php(136): call_user_func_array:{E:\code\laravel\vendor\laravel\framework\src\Illuminate\Pipeline\Pipeline.php:136}()
#24 E:\code\laravel\vendor\laravel\framework\src\Illuminate\Routing\Pipeline.php(32): Illuminate\Pipeline\Pipeline->Illuminate\Pipeline\{closure}()
#25 E:\code\laravel\vendor\laravel\framework\src\Illuminate\Routing\Pipeline.php(32): call_user_func:{E:\code\laravel\vendor\laravel\framework\src\Illuminate\Routing\Pipeline.php:32}()
#26 E:\code\laravel\vendor\laravel\framework\src\Illuminate\Foundation\Http\Middleware\VerifyCsrfToken.php(64): Illuminate\Routing\Pipeline->Illuminate\Routing\{closure}()
#27 E:\code\laravel\vendor\laravel\framework\src\Illuminate\Pipeline\Pipeline.php(136): Illuminate\Foundation\Http\Middleware\VerifyCsrfToken->handle()
#28 E:\code\laravel\vendor\laravel\framework\src\Illuminate\Pipeline\Pipeline.php(136): call_user_func_array:{E:\code\laravel\vendor\laravel\framework\src\Illuminate\Pipeline\Pipeline.php:136}()
#29 E:\code\laravel\vendor\laravel\framework\src\Illuminate\Routing\Pipeline.php(32): Illuminate\Pipeline\Pipeline->Illuminate\Pipeline\{closure}()
#30 E:\code\laravel\vendor\laravel\framework\src\Illuminate\Routing\Pipeline.php(32): call_user_func:{E:\code\laravel\vendor\laravel\framework\src\Illuminate\Routing\Pipeline.php:32}()
#31 E:\code\laravel\vendor\laravel\framework\src\Illuminate\View\Middleware\ShareErrorsFromSession.php(49): Illuminate\Routing\Pipeline->Illuminate\Routing\{closure}()
#32 E:\code\laravel\vendor\laravel\framework\src\Illuminate\Pipeline\Pipeline.php(136): Illuminate\View\Middleware\ShareErrorsFromSession->handle()
#33 E:\code\laravel\vendor\laravel\framework\src\Illuminate\Pipeline\Pipeline.php(136): call_user_func_array:{E:\code\laravel\vendor\laravel\framework\src\Illuminate\Pipeline\Pipeline.php:136}()
#34 E:\code\laravel\vendor\laravel\framework\src\Illuminate\Routing\Pipeline.php(32): Illuminate\Pipeline\Pipeline->Illuminate\Pipeline\{closure}()
#35 E:\code\laravel\vendor\laravel\framework\src\Illuminate\Routing\Pipeline.php(32): call_user_func:{E:\code\laravel\vendor\laravel\framework\src\Illuminate\Routing\Pipeline.php:32}()
#36 E:\code\laravel\vendor\laravel\framework\src\Illuminate\Session\Middleware\StartSession.php(62): Illuminate\Routing\Pipeline->Illuminate\Routing\{closure}()
#37 E:\code\laravel\vendor\laravel\framework\src\Illuminate\Pipeline\Pipeline.php(136): Illuminate\Session\Middleware\StartSession->handle()
#38 E:\code\laravel\vendor\laravel\framework\src\Illuminate\Pipeline\Pipeline.php(136): call_user_func_array:{E:\code\laravel\vendor\laravel\framework\src\Illuminate\Pipeline\Pipeline.php:136}()
#39 E:\code\laravel\vendor\laravel\framework\src\Illuminate\Routing\Pipeline.php(32): Illuminate\Pipeline\Pipeline->Illuminate\Pipeline\{closure}()
#40 E:\code\laravel\vendor\laravel\framework\src\Illuminate\Routing\Pipeline.php(32): call_user_func:{E:\code\laravel\vendor\laravel\framework\src\Illuminate\Routing\Pipeline.php:32}()
#41 E:\code\laravel\vendor\laravel\framework\src\Illuminate\Cookie\Middleware\AddQueuedCookiesToResponse.php(37): Illuminate\Routing\Pipeline->Illuminate\Routing\{closure}()
#42 E:\code\laravel\vendor\laravel\framework\src\Illuminate\Pipeline\Pipeline.php(136): Illuminate\Cookie\Middleware\AddQueuedCookiesToResponse->handle()
#43 E:\code\laravel\vendor\laravel\framework\src\Illuminate\Pipeline\Pipeline.php(136): call_user_func_array:{E:\code\laravel\vendor\laravel\framework\src\Illuminate\Pipeline\Pipeline.php:136}()
#44 E:\code\laravel\vendor\laravel\framework\src\Illuminate\Routing\Pipeline.php(32): Illuminate\Pipeline\Pipeline->Illuminate\Pipeline\{closure}()
#45 E:\code\laravel\vendor\laravel\framework\src\Illuminate\Routing\Pipeline.php(32): call_user_func:{E:\code\laravel\vendor\laravel\framework\src\Illuminate\Routing\Pipeline.php:32}()
#46 E:\code\laravel\vendor\laravel\framework\src\Illuminate\Cookie\Middleware\EncryptCookies.php(59): Illuminate\Routing\Pipeline->Illuminate\Routing\{closure}()
#47 E:\code\laravel\vendor\laravel\framework\src\Illuminate\Pipeline\Pipeline.php(136): Illuminate\Cookie\Middleware\EncryptCookies->handle()
#48 E:\code\laravel\vendor\laravel\framework\src\Illuminate\Pipeline\Pipeline.php(136): call_user_func_array:{E:\code\laravel\vendor\laravel\framework\src\Illuminate\Pipeline\Pipeline.php:136}()
#49 E:\code\laravel\vendor\laravel\framework\src\Illuminate\Routing\Pipeline.php(32): Illuminate\Pipeline\Pipeline->Illuminate\Pipeline\{closure}()
#50 E:\code\laravel\vendor\laravel\framework\src\Illuminate\Routing\Pipeline.php(32): call_user_func:{E:\code\laravel\vendor\laravel\framework\src\Illuminate\Routing\Pipeline.php:32}()
#51 E:\code\laravel\vendor\laravel\framework\src\Illuminate\Pipeline\Pipeline.php(103): Illuminate\Routing\Pipeline->Illuminate\Routing\{closure}()
#52 E:\code\laravel\vendor\laravel\framework\src\Illuminate\Pipeline\Pipeline.php(103): call_user_func:{E:\code\laravel\vendor\laravel\framework\src\Illuminate\Pipeline\Pipeline.php:103}()
#53 E:\code\laravel\vendor\laravel\framework\src\Illuminate\Routing\Router.php(726): Illuminate\Pipeline\Pipeline->then()
#54 E:\code\laravel\vendor\laravel\framework\src\Illuminate\Routing\Router.php(699): Illuminate\Routing\Router->runRouteWithinStack()
#55 E:\code\laravel\vendor\laravel\framework\src\Illuminate\Routing\Router.php(675): Illuminate\Routing\Router->dispatchToRoute()
#56 E:\code\laravel\vendor\laravel\framework\src\Illuminate\Foundation\Http\Kernel.php(246): Illuminate\Routing\Router->dispatch()
#57 E:\code\laravel\vendor\laravel\framework\src\Illuminate\Routing\Pipeline.php(52): Illuminate\Foundation\Http\Kernel->Illuminate\Foundation\Http\{closure}()
#58 E:\code\laravel\vendor\laravel\framework\src\Illuminate\Routing\Pipeline.php(52): call_user_func:{E:\code\laravel\vendor\laravel\framework\src\Illuminate\Routing\Pipeline.php:52}()
#59 E:\code\laravel\vendor\laravel\framework\src\Illuminate\Foundation\Http\Middleware\CheckForMaintenanceMode.php(44): Illuminate\Routing\Pipeline->Illuminate\Routing\{closure}()
#60 E:\code\laravel\vendor\laravel\framework\src\Illuminate\Pipeline\Pipeline.php(136): Illuminate\Foundation\Http\Middleware\CheckForMaintenanceMode->handle()
#61 E:\code\laravel\vendor\laravel\framework\src\Illuminate\Pipeline\Pipeline.php(136): call_user_func_array:{E:\code\laravel\vendor\laravel\framework\src\Illuminate\Pipeline\Pipeline.php:136}()
#62 E:\code\laravel\vendor\laravel\framework\src\Illuminate\Routing\Pipeline.php(32): Illuminate\Pipeline\Pipeline->Illuminate\Pipeline\{closure}()
#63 E:\code\laravel\vendor\laravel\framework\src\Illuminate\Routing\Pipeline.php(32): call_user_func:{E:\code\laravel\vendor\laravel\framework\src\Illuminate\Routing\Pipeline.php:32}()
#64 E:\code\laravel\vendor\laravel\framework\src\Illuminate\Pipeline\Pipeline.php(103): Illuminate\Routing\Pipeline->Illuminate\Routing\{closure}()
#65 E:\code\laravel\vendor\laravel\framework\src\Illuminate\Pipeline\Pipeline.php(103): call_user_func:{E:\code\laravel\vendor\laravel\framework\src\Illuminate\Pipeline\Pipeline.php:103}()
#66 E:\code\laravel\vendor\laravel\framework\src\Illuminate\Foundation\Http\Kernel.php(132): Illuminate\Pipeline\Pipeline->then()
#67 E:\code\laravel\vendor\laravel\framework\src\Illuminate\Foundation\Http\Kernel.php(99): Illuminate\Foundation\Http\Kernel->sendRequestThroughRouter()
#68 E:\code\laravel\public\index.php(54): Illuminate\Foundation\Http\Kernel->handle()
#69 E:\code\laravel\public\index.php(0): {main}()
#70 {main}  
[2016-06-16 11:24:36] local.ERROR: exception 'Symfony\Component\Debug\Exception\FatalErrorException' with message 'Class 'App\Entity\Order_item' not found' in E:\code\laravel\app\Http\Controllers\View\OrderController.php:40
Stack trace:
#0 E:\code\laravel\vendor\laravel\framework\src\Illuminate\Foundation\Bootstrap\HandleExceptions.php(133): Symfony\Component\Debug\Exception\FatalErrorException->__construct()
#1 E:\code\laravel\vendor\laravel\framework\src\Illuminate\Foundation\Bootstrap\HandleExceptions.php(118): Illuminate\Foundation\Bootstrap\HandleExceptions->fatalExceptionFromError()
#2 E:\code\laravel\vendor\laravel\framework\src\Illuminate\Foundation\Bootstrap\HandleExceptions.php(0): Illuminate\Foundation\Bootstrap\HandleExceptions->handleShutdown()
#3 E:\code\laravel\vendor\laravel\framework\src\Illuminate\Routing\Controller.php(80): App\Http\Controllers\View\OrderController->toOrderList()
#4 E:\code\laravel\vendor\laravel\framework\src\Illuminate\Routing\Controller.php(80): call_user_func_array:{E:\code\laravel\vendor\laravel\framework\src\Illuminate\Routing\Controller.php:80}()
#5 E:\code\laravel\vendor\laravel\framework\src\Illuminate\Routing\ControllerDispatcher.php(146): Illuminate\Routing\Controller->callAction()
#6 E:\code\laravel\vendor\laravel\framework\src\Illuminate\Routing\ControllerDispatcher.php(94): Illuminate\Routing\ControllerDispatcher->call()
#7 E:\code\laravel\vendor\laravel\framework\src\Illuminate\Routing\Pipeline.php(52): Illuminate\Routing\ControllerDispatcher->Illuminate\Routing\{closure}()
#8 E:\code\laravel\vendor\laravel\framework\src\Illuminate\Routing\Pipeline.php(52): call_user_func:{E:\code\laravel\vendor\laravel\framework\src\Illuminate\Routing\Pipeline.php:52}()
#9 E:\code\laravel\vendor\laravel\framework\src\Illuminate\Pipeline\Pipeline.php(103): Illuminate\Routing\Pipeline->Illuminate\Routing\{closure}()
#10 E:\code\laravel\vendor\laravel\framework\src\Illuminate\Pipeline\Pipeline.php(103): call_user_func:{E:\code\laravel\vendor\laravel\framework\src\Illuminate\Pipeline\Pipeline.php:103}()
#11 E:\code\laravel\vendor\laravel\framework\src\Illuminate\Routing\ControllerDispatcher.php(96): Illuminate\Pipeline\Pipeline->then()
#12 E:\code\laravel\vendor\laravel\framework\src\Illuminate\Routing\ControllerDispatcher.php(54): Illuminate\Routing\ControllerDispatcher->callWithinStack()
#13 E:\code\laravel\vendor\laravel\framework\src\Illuminate\Routing\Route.php(174): Illuminate\Routing\ControllerDispatcher->dispatch()
#14 E:\code\laravel\vendor\laravel\framework\src\Illuminate\Routing\Route.php(140): Illuminate\Routing\Route->runController()
#15 E:\code\laravel\vendor\laravel\framework\src\Illuminate\Routing\Router.php(724): Illuminate\Routing\Route->run()
#16 E:\code\laravel\vendor\laravel\framework\src\Illuminate\Routing\Pipeline.php(52): Illuminate\Routing\Router->Illuminate\Routing\{closure}()
#17 E:\code\laravel\vendor\laravel\framework\src\Illuminate\Routing\Pipeline.php(52): call_user_func:{E:\code\laravel\vendor\laravel\framework\src\Illuminate\Routing\Pipeline.php:52}()
#18 E:\code\laravel\app\Http\Middleware\CheckLogin.php(24): Illuminate\Routing\Pipeline->Illuminate\Routing\{closure}()
#19 E:\code\laravel\vendor\laravel\framework\src\Illuminate\Pipeline\Pipeline.php(136): App\Http\Middleware\CheckLogin->handle()
#20 E:\code\laravel\vendor\laravel\framework\src\Illuminate\Pipeline\Pipeline.php(136): call_user_func_array:{E:\code\laravel\vendor\laravel\framework\src\Illuminate\Pipeline\Pipeline.php:136}()
#21 E:\code\laravel\vendor\laravel\framework\src\Illuminate\Routing\Pipeline.php(32): Illuminate\Pipeline\Pipeline->Illuminate\Pipeline\{closure}()
#22 E:\code\laravel\vendor\laravel\framework\src\Illuminate\Routing\Pipeline.php(32): call_user_func:{E:\code\laravel\vendor\laravel\framework\src\Illuminate\Routing\Pipeline.php:32}()
#23 E:\code\laravel\vendor\laravel\framework\src\Illuminate\Foundation\Http\Middleware\VerifyCsrfToken.php(64): Illuminate\Routing\Pipeline->Illuminate\Routing\{closure}()
#24 E:\code\laravel\vendor\laravel\framework\src\Illuminate\Pipeline\Pipeline.php(136): Illuminate\Foundation\Http\Middleware\VerifyCsrfToken->handle()
#25 E:\code\laravel\vendor\laravel\framework\src\Illuminate\Pipeline\Pipeline.php(136): call_user_func_array:{E:\code\laravel\vendor\laravel\framework\src\Illuminate\Pipeline\Pipeline.php:136}()
#26 E:\code\laravel\vendor\laravel\framework\src\Illuminate\Routing\Pipeline.php(32): Illuminate\Pipeline\Pipeline->Illuminate\Pipeline\{closure}()
#27 E:\code\laravel\vendor\laravel\framework\src\Illuminate\Routing\Pipeline.php(32): call_user_func:{E:\code\laravel\vendor\laravel\framework\src\Illuminate\Routing\Pipeline.php:32}()
#28 E:\code\laravel\vendor\laravel\framework\src\Illuminate\View\Middleware\ShareErrorsFromSession.php(49): Illuminate\Routing\Pipeline->Illuminate\Routing\{closure}()
#29 E:\code\laravel\vendor\laravel\framework\src\Illuminate\Pipeline\Pipeline.php(136): Illuminate\View\Middleware\ShareErrorsFromSession->handle()
#30 E:\code\laravel\vendor\laravel\framework\src\Illuminate\Pipeline\Pipeline.php(136): call_user_func_array:{E:\code\laravel\vendor\laravel\framework\src\Illuminate\Pipeline\Pipeline.php:136}()
#31 E:\code\laravel\vendor\laravel\framework\src\Illuminate\Routing\Pipeline.php(32): Illuminate\Pipeline\Pipeline->Illuminate\Pipeline\{closure}()
#32 E:\code\laravel\vendor\laravel\framework\src\Illuminate\Routing\Pipeline.php(32): call_user_func:{E:\code\laravel\vendor\laravel\framework\src\Illuminate\Routing\Pipeline.php:32}()
#33 E:\code\laravel\vendor\laravel\framework\src\Illuminate\Session\Middleware\StartSession.php(62): Illuminate\Routing\Pipeline->Illuminate\Routing\{closure}()
#34 E:\code\laravel\vendor\laravel\framework\src\Illuminate\Pipeline\Pipeline.php(136): Illuminate\Session\Middleware\StartSession->handle()
#35 E:\code\laravel\vendor\laravel\framework\src\Illuminate\Pipeline\Pipeline.php(136): call_user_func_array:{E:\code\laravel\vendor\laravel\framework\src\Illuminate\Pipeline\Pipeline.php:136}()
#36 E:\code\laravel\vendor\laravel\framework\src\Illuminate\Routing\Pipeline.php(32): Illuminate\Pipeline\Pipeline->Illuminate\Pipeline\{closure}()
#37 E:\code\laravel\vendor\laravel\framework\src\Illuminate\Routing\Pipeline.php(32): call_user_func:{E:\code\laravel\vendor\laravel\framework\src\Illuminate\Routing\Pipeline.php:32}()
#38 E:\code\laravel\vendor\laravel\framework\src\Illuminate\Cookie\Middleware\AddQueuedCookiesToResponse.php(37): Illuminate\Routing\Pipeline->Illuminate\Routing\{closure}()
#39 E:\code\laravel\vendor\laravel\framework\src\Illuminate\Pipeline\Pipeline.php(136): Illuminate\Cookie\Middleware\AddQueuedCookiesToResponse->handle()
#40 E:\code\laravel\vendor\laravel\framework\src\Illuminate\Pipeline\Pipeline.php(136): call_user_func_array:{E:\code\laravel\vendor\laravel\framework\src\Illuminate\Pipeline\Pipeline.php:136}()
#41 E:\code\laravel\vendor\laravel\framework\src\Illuminate\Routing\Pipeline.php(32): Illuminate\Pipeline\Pipeline->Illuminate\Pipeline\{closure}()
#42 E:\code\laravel\vendor\laravel\framework\src\Illuminate\Routing\Pipeline.php(32): call_user_func:{E:\code\laravel\vendor\laravel\framework\src\Illuminate\Routing\Pipeline.php:32}()
#43 E:\code\laravel\vendor\laravel\framework\src\Illuminate\Cookie\Middleware\EncryptCookies.php(59): Illuminate\Routing\Pipeline->Illuminate\Routing\{closure}()
#44 E:\code\laravel\vendor\laravel\framework\src\Illuminate\Pipeline\Pipeline.php(136): Illuminate\Cookie\Middleware\EncryptCookies->handle()
#45 E:\code\laravel\vendor\laravel\framework\src\Illuminate\Pipeline\Pipeline.php(136): call_user_func_array:{E:\code\laravel\vendor\laravel\framework\src\Illuminate\Pipeline\Pipeline.php:136}()
#46 E:\code\laravel\vendor\laravel\framework\src\Illuminate\Routing\Pipeline.php(32): Illuminate\Pipeline\Pipeline->Illuminate\Pipeline\{closure}()
#47 E:\code\laravel\vendor\laravel\framework\src\Illuminate\Routing\Pipeline.php(32): call_user_func:{E:\code\laravel\vendor\laravel\framework\src\Illuminate\Routing\Pipeline.php:32}()
#48 E:\code\laravel\vendor\laravel\framework\src\Illuminate\Pipeline\Pipeline.php(103): Illuminate\Routing\Pipeline->Illuminate\Routing\{closure}()
#49 E:\code\laravel\vendor\laravel\framework\src\Illuminate\Pipeline\Pipeline.php(103): call_user_func:{E:\code\laravel\vendor\laravel\framework\src\Illuminate\Pipeline\Pipeline.php:103}()
#50 E:\code\laravel\vendor\laravel\framework\src\Illuminate\Routing\Router.php(726): Illuminate\Pipeline\Pipeline->then()
#51 E:\code\laravel\vendor\laravel\framework\src\Illuminate\Routing\Router.php(699): Illuminate\Routing\Router->runRouteWithinStack()
#52 E:\code\laravel\vendor\laravel\framework\src\Illuminate\Routing\Router.php(675): Illuminate\Routing\Router->dispatchToRoute()
#53 E:\code\laravel\vendor\laravel\framework\src\Illuminate\Foundation\Http\Kernel.php(246): Illuminate\Routing\Router->dispatch()
#54 E:\code\laravel\vendor\laravel\framework\src\Illuminate\Routing\Pipeline.php(52): Illuminate\Foundation\Http\Kernel->Illuminate\Foundation\Http\{closure}()
#55 E:\code\laravel\vendor\laravel\framework\src\Illuminate\Routing\Pipeline.php(52): call_user_func:{E:\code\laravel\vendor\laravel\framework\src\Illuminate\Routing\Pipeline.php:52}()
#56 E:\code\laravel\vendor\laravel\framework\src\Illuminate\Foundation\Http\Middleware\CheckForMaintenanceMode.php(44): Illuminate\Routing\Pipeline->Illuminate\Routing\{closure}()
#57 E:\code\laravel\vendor\laravel\framework\src\Illuminate\Pipeline\Pipeline.php(136): Illuminate\Foundation\Http\Middleware\CheckForMaintenanceMode->handle()
#58 E:\code\laravel\vendor\laravel\framework\src\Illuminate\Pipeline\Pipeline.php(136): call_user_func_array:{E:\code\laravel\vendor\laravel\framework\src\Illuminate\Pipeline\Pipeline.php:136}()
#59 E:\code\laravel\vendor\laravel\framework\src\Illuminate\Routing\Pipeline.php(32): Illuminate\Pipeline\Pipeline->Illuminate\Pipeline\{closure}()
#60 E:\code\laravel\vendor\laravel\framework\src\Illuminate\Routing\Pipeline.php(32): call_user_func:{E:\code\laravel\vendor\laravel\framework\src\Illuminate\Routing\Pipeline.php:32}()
#61 E:\code\laravel\vendor\laravel\framework\src\Illuminate\Pipeline\Pipeline.php(103): Illuminate\Routing\Pipeline->Illuminate\Routing\{closure}()
#62 E:\code\laravel\vendor\laravel\framework\src\Illuminate\Pipeline\Pipeline.php(103): call_user_func:{E:\code\laravel\vendor\laravel\framework\src\Illuminate\Pipeline\Pipeline.php:103}()
#63 E:\code\laravel\vendor\laravel\framework\src\Illuminate\Foundation\Http\Kernel.php(132): Illuminate\Pipeline\Pipeline->then()
#64 E:\code\laravel\vendor\laravel\framework\src\Illuminate\Foundation\Http\Kernel.php(99): Illuminate\Foundation\Http\Kernel->sendRequestThroughRouter()
#65 E:\code\laravel\public\index.php(54): Illuminate\Foundation\Http\Kernel->handle()
#66 E:\code\laravel\public\index.php(0): {main}()
#67 {main}  
